[debug] [2022-04-18T15:00:53.967Z] ----------------------------------------------------------------------
[debug] [2022-04-18T15:00:53.968Z] Command:       /usr/local/Cellar/node/17.6.0/bin/node /usr/local/bin/firebase serve
[debug] [2022-04-18T15:00:53.969Z] CLI Version:   10.6.0
[debug] [2022-04-18T15:00:53.969Z] Platform:      darwin
[debug] [2022-04-18T15:00:53.969Z] Node Version:  v17.6.0
[debug] [2022-04-18T15:00:53.970Z] Time:          Mon Apr 18 2022 23:00:53 GMT+0800 (Taipei Standard Time)
[debug] [2022-04-18T15:00:53.970Z] ----------------------------------------------------------------------
[debug] 
[debug] [2022-04-18T15:00:54.026Z] > command requires scopes: ["email","openid","https://www.googleapis.com/auth/cloudplatformprojects.readonly","https://www.googleapis.com/auth/firebase","https://www.googleapis.com/auth/cloud-platform"]
[debug] [2022-04-18T15:00:54.027Z] > authorizing via signed-in user (sergerigaudjoseph@gmail.com)
[debug] [2022-04-18T15:00:54.027Z] [iam] checking project midterm-project-chatroom-ss-22 for permissions ["firebase.projects.get"]
[debug] [2022-04-18T15:00:54.029Z] >>> [apiv2][query] POST https://cloudresourcemanager.googleapis.com/v1/projects/midterm-project-chatroom-ss-22:testIamPermissions [none]
[debug] [2022-04-18T15:00:54.029Z] >>> [apiv2][body] POST https://cloudresourcemanager.googleapis.com/v1/projects/midterm-project-chatroom-ss-22:testIamPermissions {"permissions":["firebase.projects.get"]}
[debug] [2022-04-18T15:00:55.126Z] <<< [apiv2][status] POST https://cloudresourcemanager.googleapis.com/v1/projects/midterm-project-chatroom-ss-22:testIamPermissions 200
[debug] [2022-04-18T15:00:55.126Z] <<< [apiv2][body] POST https://cloudresourcemanager.googleapis.com/v1/projects/midterm-project-chatroom-ss-22:testIamPermissions {"permissions":["firebase.projects.get"]}
[debug] [2022-04-18T15:00:55.127Z] >>> [apiv2][query] GET https://firebase.googleapis.com/v1beta1/projects/midterm-project-chatroom-ss-22 [none]
[debug] [2022-04-18T15:00:55.524Z] <<< [apiv2][status] GET https://firebase.googleapis.com/v1beta1/projects/midterm-project-chatroom-ss-22 200
[debug] [2022-04-18T15:00:55.525Z] <<< [apiv2][body] GET https://firebase.googleapis.com/v1beta1/projects/midterm-project-chatroom-ss-22 {"projectId":"midterm-project-chatroom-ss-22","projectNumber":"826877799598","displayName":"Midterm-Project-Chatroom-SS-22","name":"projects/midterm-project-chatroom-ss-22","resources":{"hostingSite":"midterm-project-chatroom-ss-22","realtimeDatabaseInstance":"midterm-project-chatroom-ss-22-default-rtdb","storageBucket":"midterm-project-chatroom-ss-22.appspot.com","locationId":"us-central"},"state":"ACTIVE"}
[info] 
[info] === Serving from '/Users/sergerigaudjoseph/Desktop/SUCCESS ITNOJ/SCHOOL/SS GEC/Midterm Chatroom Project/chatroom'...
[info] 
[debug] [2022-04-18T15:00:55.527Z] >>> [apiv2][query] GET https://firebasehosting.googleapis.com/v1beta1/projects/midterm-project-chatroom-ss-22/sites 
[debug] [2022-04-18T15:00:56.753Z] <<< [apiv2][status] GET https://firebasehosting.googleapis.com/v1beta1/projects/midterm-project-chatroom-ss-22/sites 200
[debug] [2022-04-18T15:00:56.753Z] <<< [apiv2][body] GET https://firebasehosting.googleapis.com/v1beta1/projects/midterm-project-chatroom-ss-22/sites {"sites":[{"name":"projects/826877799598/sites/midterm-project-chatroom-ss-22","defaultUrl":"https://midterm-project-chatroom-ss-22.web.app","type":"DEFAULT_SITE"}]}
[debug] [2022-04-18T15:00:56.753Z] >>> [apiv2][query] GET https://firebase.googleapis.com/v1beta1/projects/midterm-project-chatroom-ss-22/webApps/-/config [none]
[debug] [2022-04-18T15:00:57.778Z] <<< [apiv2][status] GET https://firebase.googleapis.com/v1beta1/projects/midterm-project-chatroom-ss-22/webApps/-/config 200
[debug] [2022-04-18T15:00:57.779Z] <<< [apiv2][body] GET https://firebase.googleapis.com/v1beta1/projects/midterm-project-chatroom-ss-22/webApps/-/config {"projectId":"midterm-project-chatroom-ss-22","appId":"1:826877799598:web:5efb8971f549ec0984d13f","databaseURL":"https://midterm-project-chatroom-ss-22-default-rtdb.firebaseio.com","storageBucket":"midterm-project-chatroom-ss-22.appspot.com","locationId":"us-central","apiKey":"AIzaSyCoOcuKWSasGnVWT8gqqKVHCzdULwx5U3M","authDomain":"midterm-project-chatroom-ss-22.firebaseapp.com","messagingSenderId":"826877799598","measurementId":"G-6K71M0PNQ5"}
[info] i  hosting: Serving hosting files from: public {"metadata":{"emulator":{"name":"hosting"},"message":"Serving hosting files from: \u001b[1mpublic\u001b[22m"}}
[info] ✔  hosting: Local server: http://localhost:5000 {"metadata":{"emulator":{"name":"hosting"},"message":"Local server: \u001b[4m\u001b[1mhttp://localhost:5000\u001b[22m\u001b[24m"}}
[info] i  hosting: ::1 - - [18/Apr/2022:15:00:59 +0000] "GET / HTTP/1.1" 200 1717 "-" "Mozilla/5.0 (Macintosh; Intel Mac OS X 10_15_7) AppleWebKit/537.36 (KHTML, like Gecko) Chrome/100.0.4896.88 Safari/537.36" {"metadata":{"emulator":{"name":"hosting"},"message":"::1 - - [18/Apr/2022:15:00:59 +0000] \"GET / HTTP/1.1\" 200 1717 \"-\" \"Mozilla/5.0 (Macintosh; Intel Mac OS X 10_15_7) AppleWebKit/537.36 (KHTML, like Gecko) Chrome/100.0.4896.88 Safari/537.36\""}}
[info] i  hosting: ::1 - - [18/Apr/2022:15:01:00 +0000] "GET /favicon.ico HTTP/1.1" 404 1808 "http://localhost:5000/" "Mozilla/5.0 (Macintosh; Intel Mac OS X 10_15_7) AppleWebKit/537.36 (KHTML, like Gecko) Chrome/100.0.4896.88 Safari/537.36" {"metadata":{"emulator":{"name":"hosting"},"message":"::1 - - [18/Apr/2022:15:01:00 +0000] \"GET /favicon.ico HTTP/1.1\" 404 1808 \"http://localhost:5000/\" \"Mozilla/5.0 (Macintosh; Intel Mac OS X 10_15_7) AppleWebKit/537.36 (KHTML, like Gecko) Chrome/100.0.4896.88 Safari/537.36\""}}
[debug] [2022-04-18T15:04:13.088Z] ----------------------------------------------------------------------
[debug] [2022-04-18T15:04:13.090Z] Command:       /usr/local/Cellar/node/17.6.0/bin/node /usr/local/bin/firebase serve
[debug] [2022-04-18T15:04:13.090Z] CLI Version:   10.6.0
[debug] [2022-04-18T15:04:13.090Z] Platform:      darwin
[debug] [2022-04-18T15:04:13.090Z] Node Version:  v17.6.0
[debug] [2022-04-18T15:04:13.091Z] Time:          Mon Apr 18 2022 23:04:13 GMT+0800 (Taipei Standard Time)
[debug] [2022-04-18T15:04:13.091Z] ----------------------------------------------------------------------
[debug] 
[debug] [2022-04-18T15:04:13.144Z] > command requires scopes: ["email","openid","https://www.googleapis.com/auth/cloudplatformprojects.readonly","https://www.googleapis.com/auth/firebase","https://www.googleapis.com/auth/cloud-platform"]
[debug] [2022-04-18T15:04:13.144Z] > authorizing via signed-in user (sergerigaudjoseph@gmail.com)
[debug] [2022-04-18T15:04:13.144Z] [iam] checking project midterm-project-chatroom-ss-22 for permissions ["firebase.projects.get"]
[debug] [2022-04-18T15:04:13.146Z] >>> [apiv2][query] POST https://cloudresourcemanager.googleapis.com/v1/projects/midterm-project-chatroom-ss-22:testIamPermissions [none]
[debug] [2022-04-18T15:04:13.146Z] >>> [apiv2][body] POST https://cloudresourcemanager.googleapis.com/v1/projects/midterm-project-chatroom-ss-22:testIamPermissions {"permissions":["firebase.projects.get"]}
[debug] [2022-04-18T15:04:14.075Z] <<< [apiv2][status] POST https://cloudresourcemanager.googleapis.com/v1/projects/midterm-project-chatroom-ss-22:testIamPermissions 200
[debug] [2022-04-18T15:04:14.075Z] <<< [apiv2][body] POST https://cloudresourcemanager.googleapis.com/v1/projects/midterm-project-chatroom-ss-22:testIamPermissions {"permissions":["firebase.projects.get"]}
[debug] [2022-04-18T15:04:14.076Z] >>> [apiv2][query] GET https://firebase.googleapis.com/v1beta1/projects/midterm-project-chatroom-ss-22 [none]
[debug] [2022-04-18T15:04:14.348Z] <<< [apiv2][status] GET https://firebase.googleapis.com/v1beta1/projects/midterm-project-chatroom-ss-22 200
[debug] [2022-04-18T15:04:14.349Z] <<< [apiv2][body] GET https://firebase.googleapis.com/v1beta1/projects/midterm-project-chatroom-ss-22 {"projectId":"midterm-project-chatroom-ss-22","projectNumber":"826877799598","displayName":"Midterm-Project-Chatroom-SS-22","name":"projects/midterm-project-chatroom-ss-22","resources":{"hostingSite":"midterm-project-chatroom-ss-22","realtimeDatabaseInstance":"midterm-project-chatroom-ss-22-default-rtdb","storageBucket":"midterm-project-chatroom-ss-22.appspot.com","locationId":"us-central"},"state":"ACTIVE"}
[info] 
[info] === Serving from '/Users/sergerigaudjoseph/Desktop/SUCCESS ITNOJ/SCHOOL/SS GEC/Midterm Chatroom Project/chatroom'...
[info] 
[debug] [2022-04-18T15:04:14.350Z] >>> [apiv2][query] GET https://firebasehosting.googleapis.com/v1beta1/projects/midterm-project-chatroom-ss-22/sites 
[debug] [2022-04-18T15:04:15.606Z] <<< [apiv2][status] GET https://firebasehosting.googleapis.com/v1beta1/projects/midterm-project-chatroom-ss-22/sites 200
[debug] [2022-04-18T15:04:15.606Z] <<< [apiv2][body] GET https://firebasehosting.googleapis.com/v1beta1/projects/midterm-project-chatroom-ss-22/sites {"sites":[{"name":"projects/826877799598/sites/midterm-project-chatroom-ss-22","defaultUrl":"https://midterm-project-chatroom-ss-22.web.app","type":"DEFAULT_SITE"}]}
[debug] [2022-04-18T15:04:15.606Z] >>> [apiv2][query] GET https://firebase.googleapis.com/v1beta1/projects/midterm-project-chatroom-ss-22/webApps/-/config [none]
[debug] [2022-04-18T15:04:16.556Z] <<< [apiv2][status] GET https://firebase.googleapis.com/v1beta1/projects/midterm-project-chatroom-ss-22/webApps/-/config 200
[debug] [2022-04-18T15:04:16.556Z] <<< [apiv2][body] GET https://firebase.googleapis.com/v1beta1/projects/midterm-project-chatroom-ss-22/webApps/-/config {"projectId":"midterm-project-chatroom-ss-22","appId":"1:826877799598:web:5efb8971f549ec0984d13f","databaseURL":"https://midterm-project-chatroom-ss-22-default-rtdb.firebaseio.com","storageBucket":"midterm-project-chatroom-ss-22.appspot.com","locationId":"us-central","apiKey":"AIzaSyCoOcuKWSasGnVWT8gqqKVHCzdULwx5U3M","authDomain":"midterm-project-chatroom-ss-22.firebaseapp.com","messagingSenderId":"826877799598","measurementId":"G-6K71M0PNQ5"}
[warn] ⚠  hosting: Port 5000 is not available. Trying another port... {"metadata":{"emulator":{"name":"hosting"},"message":"\u001b[33mhosting: \u001b[39mPort 5000 is not available. Trying another port..."}}
[info] i  hosting: Serving hosting files from: public {"metadata":{"emulator":{"name":"hosting"},"message":"Serving hosting files from: \u001b[1mpublic\u001b[22m"}}
[info] ✔  hosting: Local server: http://localhost:5005 {"metadata":{"emulator":{"name":"hosting"},"message":"Local server: \u001b[4m\u001b[1mhttp://localhost:5005\u001b[22m\u001b[24m"}}
[info] i  hosting: ::1 - - [18/Apr/2022:15:04:21 +0000] "GET / HTTP/1.1" 200 1687 "-" "Mozilla/5.0 (Macintosh; Intel Mac OS X 10_15_7) AppleWebKit/537.36 (KHTML, like Gecko) Chrome/100.0.4896.88 Safari/537.36" {"metadata":{"emulator":{"name":"hosting"},"message":"::1 - - [18/Apr/2022:15:04:21 +0000] \"GET / HTTP/1.1\" 200 1687 \"-\" \"Mozilla/5.0 (Macintosh; Intel Mac OS X 10_15_7) AppleWebKit/537.36 (KHTML, like Gecko) Chrome/100.0.4896.88 Safari/537.36\""}}
[info] i  hosting: ::1 - - [18/Apr/2022:15:04:21 +0000] "GET /favicon.ico HTTP/1.1" 404 1808 "http://localhost:5005/" "Mozilla/5.0 (Macintosh; Intel Mac OS X 10_15_7) AppleWebKit/537.36 (KHTML, like Gecko) Chrome/100.0.4896.88 Safari/537.36" {"metadata":{"emulator":{"name":"hosting"},"message":"::1 - - [18/Apr/2022:15:04:21 +0000] \"GET /favicon.ico HTTP/1.1\" 404 1808 \"http://localhost:5005/\" \"Mozilla/5.0 (Macintosh; Intel Mac OS X 10_15_7) AppleWebKit/537.36 (KHTML, like Gecko) Chrome/100.0.4896.88 Safari/537.36\""}}
[info] i  hosting: ::1 - - [18/Apr/2022:15:04:21 +0000] "GET /manifest.json HTTP/1.1" 404 1808 "http://localhost:5005/" "Mozilla/5.0 (Macintosh; Intel Mac OS X 10_15_7) AppleWebKit/537.36 (KHTML, like Gecko) Chrome/100.0.4896.88 Safari/537.36" {"metadata":{"emulator":{"name":"hosting"},"message":"::1 - - [18/Apr/2022:15:04:21 +0000] \"GET /manifest.json HTTP/1.1\" 404 1808 \"http://localhost:5005/\" \"Mozilla/5.0 (Macintosh; Intel Mac OS X 10_15_7) AppleWebKit/537.36 (KHTML, like Gecko) Chrome/100.0.4896.88 Safari/537.36\""}}
[info] i  hosting: ::1 - - [18/Apr/2022:15:04:21 +0000] "GET /favicon.ico HTTP/1.1" 404 1808 "http://localhost:5005/" "Mozilla/5.0 (Macintosh; Intel Mac OS X 10_15_7) AppleWebKit/537.36 (KHTML, like Gecko) Chrome/100.0.4896.88 Safari/537.36" {"metadata":{"emulator":{"name":"hosting"},"message":"::1 - - [18/Apr/2022:15:04:21 +0000] \"GET /favicon.ico HTTP/1.1\" 404 1808 \"http://localhost:5005/\" \"Mozilla/5.0 (Macintosh; Intel Mac OS X 10_15_7) AppleWebKit/537.36 (KHTML, like Gecko) Chrome/100.0.4896.88 Safari/537.36\""}}
[info] i  hosting: ::1 - - [18/Apr/2022:15:04:25 +0000] "GET /manifest.json HTTP/1.1" 404 1808 "http://localhost:5005/" "Mozilla/5.0 (Macintosh; Intel Mac OS X 10_15_7) AppleWebKit/537.36 (KHTML, like Gecko) Chrome/100.0.4896.88 Safari/537.36" {"metadata":{"emulator":{"name":"hosting"},"message":"::1 - - [18/Apr/2022:15:04:25 +0000] \"GET /manifest.json HTTP/1.1\" 404 1808 \"http://localhost:5005/\" \"Mozilla/5.0 (Macintosh; Intel Mac OS X 10_15_7) AppleWebKit/537.36 (KHTML, like Gecko) Chrome/100.0.4896.88 Safari/537.36\""}}
[debug] [2022-04-18T15:04:51.665Z] ----------------------------------------------------------------------
[debug] [2022-04-18T15:04:51.666Z] Command:       /usr/local/Cellar/node/17.6.0/bin/node /usr/local/bin/firebase serve
[debug] [2022-04-18T15:04:51.667Z] CLI Version:   10.6.0
[debug] [2022-04-18T15:04:51.667Z] Platform:      darwin
[debug] [2022-04-18T15:04:51.667Z] Node Version:  v17.6.0
[debug] [2022-04-18T15:04:51.668Z] Time:          Mon Apr 18 2022 23:04:51 GMT+0800 (Taipei Standard Time)
[debug] [2022-04-18T15:04:51.668Z] ----------------------------------------------------------------------
[debug] 
[debug] [2022-04-18T15:04:51.729Z] > command requires scopes: ["email","openid","https://www.googleapis.com/auth/cloudplatformprojects.readonly","https://www.googleapis.com/auth/firebase","https://www.googleapis.com/auth/cloud-platform"]
[debug] [2022-04-18T15:04:51.729Z] > authorizing via signed-in user (sergerigaudjoseph@gmail.com)
[debug] [2022-04-18T15:04:51.729Z] [iam] checking project midterm-project-chatroom-ss-22 for permissions ["firebase.projects.get"]
[debug] [2022-04-18T15:04:51.732Z] >>> [apiv2][query] POST https://cloudresourcemanager.googleapis.com/v1/projects/midterm-project-chatroom-ss-22:testIamPermissions [none]
[debug] [2022-04-18T15:04:51.732Z] >>> [apiv2][body] POST https://cloudresourcemanager.googleapis.com/v1/projects/midterm-project-chatroom-ss-22:testIamPermissions {"permissions":["firebase.projects.get"]}
[debug] [2022-04-18T15:04:52.593Z] <<< [apiv2][status] POST https://cloudresourcemanager.googleapis.com/v1/projects/midterm-project-chatroom-ss-22:testIamPermissions 200
[debug] [2022-04-18T15:04:52.593Z] <<< [apiv2][body] POST https://cloudresourcemanager.googleapis.com/v1/projects/midterm-project-chatroom-ss-22:testIamPermissions {"permissions":["firebase.projects.get"]}
[debug] [2022-04-18T15:04:52.595Z] >>> [apiv2][query] GET https://firebase.googleapis.com/v1beta1/projects/midterm-project-chatroom-ss-22 [none]
[debug] [2022-04-18T15:04:52.851Z] <<< [apiv2][status] GET https://firebase.googleapis.com/v1beta1/projects/midterm-project-chatroom-ss-22 200
[debug] [2022-04-18T15:04:52.851Z] <<< [apiv2][body] GET https://firebase.googleapis.com/v1beta1/projects/midterm-project-chatroom-ss-22 {"projectId":"midterm-project-chatroom-ss-22","projectNumber":"826877799598","displayName":"Midterm-Project-Chatroom-SS-22","name":"projects/midterm-project-chatroom-ss-22","resources":{"hostingSite":"midterm-project-chatroom-ss-22","realtimeDatabaseInstance":"midterm-project-chatroom-ss-22-default-rtdb","storageBucket":"midterm-project-chatroom-ss-22.appspot.com","locationId":"us-central"},"state":"ACTIVE"}
[info] 
[info] === Serving from '/Users/sergerigaudjoseph/Desktop/SUCCESS ITNOJ/SCHOOL/SS GEC/Midterm Chatroom Project/chatroom'...
[info] 
[debug] [2022-04-18T15:04:52.852Z] >>> [apiv2][query] GET https://firebasehosting.googleapis.com/v1beta1/projects/midterm-project-chatroom-ss-22/sites 
[debug] [2022-04-18T15:04:54.005Z] <<< [apiv2][status] GET https://firebasehosting.googleapis.com/v1beta1/projects/midterm-project-chatroom-ss-22/sites 200
[debug] [2022-04-18T15:04:54.005Z] <<< [apiv2][body] GET https://firebasehosting.googleapis.com/v1beta1/projects/midterm-project-chatroom-ss-22/sites {"sites":[{"name":"projects/826877799598/sites/midterm-project-chatroom-ss-22","defaultUrl":"https://midterm-project-chatroom-ss-22.web.app","type":"DEFAULT_SITE"}]}
[debug] [2022-04-18T15:04:54.005Z] >>> [apiv2][query] GET https://firebase.googleapis.com/v1beta1/projects/midterm-project-chatroom-ss-22/webApps/-/config [none]
[debug] [2022-04-18T15:04:55.029Z] <<< [apiv2][status] GET https://firebase.googleapis.com/v1beta1/projects/midterm-project-chatroom-ss-22/webApps/-/config 200
[debug] [2022-04-18T15:04:55.029Z] <<< [apiv2][body] GET https://firebase.googleapis.com/v1beta1/projects/midterm-project-chatroom-ss-22/webApps/-/config {"projectId":"midterm-project-chatroom-ss-22","appId":"1:826877799598:web:5efb8971f549ec0984d13f","databaseURL":"https://midterm-project-chatroom-ss-22-default-rtdb.firebaseio.com","storageBucket":"midterm-project-chatroom-ss-22.appspot.com","locationId":"us-central","apiKey":"AIzaSyCoOcuKWSasGnVWT8gqqKVHCzdULwx5U3M","authDomain":"midterm-project-chatroom-ss-22.firebaseapp.com","messagingSenderId":"826877799598","measurementId":"G-6K71M0PNQ5"}
[warn] ⚠  hosting: Port 5000 is not available. Trying another port... {"metadata":{"emulator":{"name":"hosting"},"message":"\u001b[33mhosting: \u001b[39mPort 5000 is not available. Trying another port..."}}
[warn] ⚠  hosting: Port 5000 is not available. Trying another port... {"metadata":{"emulator":{"name":"hosting"},"message":"\u001b[33mhosting: \u001b[39mPort 5000 is not available. Trying another port..."}}
[info] i  hosting: Serving hosting files from: public {"metadata":{"emulator":{"name":"hosting"},"message":"Serving hosting files from: \u001b[1mpublic\u001b[22m"}}
[info] ✔  hosting: Local server: http://localhost:5010 {"metadata":{"emulator":{"name":"hosting"},"message":"Local server: \u001b[4m\u001b[1mhttp://localhost:5010\u001b[22m\u001b[24m"}}
[info] i  hosting: ::1 - - [18/Apr/2022:15:05:00 +0000] "GET / HTTP/1.1" 200 1690 "-" "Mozilla/5.0 (Macintosh; Intel Mac OS X 10_15_7) AppleWebKit/537.36 (KHTML, like Gecko) Chrome/100.0.4896.88 Safari/537.36" {"metadata":{"emulator":{"name":"hosting"},"message":"::1 - - [18/Apr/2022:15:05:00 +0000] \"GET / HTTP/1.1\" 200 1690 \"-\" \"Mozilla/5.0 (Macintosh; Intel Mac OS X 10_15_7) AppleWebKit/537.36 (KHTML, like Gecko) Chrome/100.0.4896.88 Safari/537.36\""}}
[info] i  hosting: ::1 - - [18/Apr/2022:15:05:00 +0000] "GET /favicon.ico HTTP/1.1" 404 1808 "http://localhost:5010/" "Mozilla/5.0 (Macintosh; Intel Mac OS X 10_15_7) AppleWebKit/537.36 (KHTML, like Gecko) Chrome/100.0.4896.88 Safari/537.36" {"metadata":{"emulator":{"name":"hosting"},"message":"::1 - - [18/Apr/2022:15:05:00 +0000] \"GET /favicon.ico HTTP/1.1\" 404 1808 \"http://localhost:5010/\" \"Mozilla/5.0 (Macintosh; Intel Mac OS X 10_15_7) AppleWebKit/537.36 (KHTML, like Gecko) Chrome/100.0.4896.88 Safari/537.36\""}}
[info] i  hosting: ::1 - - [18/Apr/2022:15:05:00 +0000] "GET /manifest.json HTTP/1.1" 404 1808 "http://localhost:5010/" "Mozilla/5.0 (Macintosh; Intel Mac OS X 10_15_7) AppleWebKit/537.36 (KHTML, like Gecko) Chrome/100.0.4896.88 Safari/537.36" {"metadata":{"emulator":{"name":"hosting"},"message":"::1 - - [18/Apr/2022:15:05:00 +0000] \"GET /manifest.json HTTP/1.1\" 404 1808 \"http://localhost:5010/\" \"Mozilla/5.0 (Macintosh; Intel Mac OS X 10_15_7) AppleWebKit/537.36 (KHTML, like Gecko) Chrome/100.0.4896.88 Safari/537.36\""}}
[info] i  hosting: ::1 - - [18/Apr/2022:15:05:00 +0000] "GET /favicon.ico HTTP/1.1" 404 1808 "http://localhost:5010/" "Mozilla/5.0 (Macintosh; Intel Mac OS X 10_15_7) AppleWebKit/537.36 (KHTML, like Gecko) Chrome/100.0.4896.88 Safari/537.36" {"metadata":{"emulator":{"name":"hosting"},"message":"::1 - - [18/Apr/2022:15:05:00 +0000] \"GET /favicon.ico HTTP/1.1\" 404 1808 \"http://localhost:5010/\" \"Mozilla/5.0 (Macintosh; Intel Mac OS X 10_15_7) AppleWebKit/537.36 (KHTML, like Gecko) Chrome/100.0.4896.88 Safari/537.36\""}}
[info] i  hosting: ::1 - - [18/Apr/2022:15:05:07 +0000] "GET /manifest.json HTTP/1.1" 404 1808 "http://localhost:5010/" "Mozilla/5.0 (Macintosh; Intel Mac OS X 10_15_7) AppleWebKit/537.36 (KHTML, like Gecko) Chrome/100.0.4896.88 Safari/537.36" {"metadata":{"emulator":{"name":"hosting"},"message":"::1 - - [18/Apr/2022:15:05:07 +0000] \"GET /manifest.json HTTP/1.1\" 404 1808 \"http://localhost:5010/\" \"Mozilla/5.0 (Macintosh; Intel Mac OS X 10_15_7) AppleWebKit/537.36 (KHTML, like Gecko) Chrome/100.0.4896.88 Safari/537.36\""}}
[debug] [2022-04-18T15:05:34.616Z] ----------------------------------------------------------------------
[debug] [2022-04-18T15:05:34.618Z] Command:       /usr/local/Cellar/node/17.6.0/bin/node /usr/local/bin/firebase serve
[debug] [2022-04-18T15:05:34.618Z] CLI Version:   10.6.0
[debug] [2022-04-18T15:05:34.618Z] Platform:      darwin
[debug] [2022-04-18T15:05:34.618Z] Node Version:  v17.6.0
[debug] [2022-04-18T15:05:34.619Z] Time:          Mon Apr 18 2022 23:05:34 GMT+0800 (Taipei Standard Time)
[debug] [2022-04-18T15:05:34.620Z] ----------------------------------------------------------------------
[debug] 
[debug] [2022-04-18T15:05:34.677Z] > command requires scopes: ["email","openid","https://www.googleapis.com/auth/cloudplatformprojects.readonly","https://www.googleapis.com/auth/firebase","https://www.googleapis.com/auth/cloud-platform"]
[debug] [2022-04-18T15:05:34.678Z] > authorizing via signed-in user (sergerigaudjoseph@gmail.com)
[debug] [2022-04-18T15:05:34.678Z] [iam] checking project midterm-project-chatroom-ss-22 for permissions ["firebase.projects.get"]
[debug] [2022-04-18T15:05:34.680Z] >>> [apiv2][query] POST https://cloudresourcemanager.googleapis.com/v1/projects/midterm-project-chatroom-ss-22:testIamPermissions [none]
[debug] [2022-04-18T15:05:34.680Z] >>> [apiv2][body] POST https://cloudresourcemanager.googleapis.com/v1/projects/midterm-project-chatroom-ss-22:testIamPermissions {"permissions":["firebase.projects.get"]}
[debug] [2022-04-18T15:05:35.587Z] <<< [apiv2][status] POST https://cloudresourcemanager.googleapis.com/v1/projects/midterm-project-chatroom-ss-22:testIamPermissions 200
[debug] [2022-04-18T15:05:35.587Z] <<< [apiv2][body] POST https://cloudresourcemanager.googleapis.com/v1/projects/midterm-project-chatroom-ss-22:testIamPermissions {"permissions":["firebase.projects.get"]}
[debug] [2022-04-18T15:05:35.589Z] >>> [apiv2][query] GET https://firebase.googleapis.com/v1beta1/projects/midterm-project-chatroom-ss-22 [none]
[debug] [2022-04-18T15:05:35.991Z] <<< [apiv2][status] GET https://firebase.googleapis.com/v1beta1/projects/midterm-project-chatroom-ss-22 200
[debug] [2022-04-18T15:05:35.991Z] <<< [apiv2][body] GET https://firebase.googleapis.com/v1beta1/projects/midterm-project-chatroom-ss-22 {"projectId":"midterm-project-chatroom-ss-22","projectNumber":"826877799598","displayName":"Midterm-Project-Chatroom-SS-22","name":"projects/midterm-project-chatroom-ss-22","resources":{"hostingSite":"midterm-project-chatroom-ss-22","realtimeDatabaseInstance":"midterm-project-chatroom-ss-22-default-rtdb","storageBucket":"midterm-project-chatroom-ss-22.appspot.com","locationId":"us-central"},"state":"ACTIVE"}
[info] 
[info] === Serving from '/Users/sergerigaudjoseph/Desktop/SUCCESS ITNOJ/SCHOOL/SS GEC/Midterm Chatroom Project/chatroom'...
[info] 
[debug] [2022-04-18T15:05:35.994Z] >>> [apiv2][query] GET https://firebasehosting.googleapis.com/v1beta1/projects/midterm-project-chatroom-ss-22/sites 
[debug] [2022-04-18T15:05:37.132Z] <<< [apiv2][status] GET https://firebasehosting.googleapis.com/v1beta1/projects/midterm-project-chatroom-ss-22/sites 200
[debug] [2022-04-18T15:05:37.132Z] <<< [apiv2][body] GET https://firebasehosting.googleapis.com/v1beta1/projects/midterm-project-chatroom-ss-22/sites {"sites":[{"name":"projects/826877799598/sites/midterm-project-chatroom-ss-22","defaultUrl":"https://midterm-project-chatroom-ss-22.web.app","type":"DEFAULT_SITE"}]}
[debug] [2022-04-18T15:05:37.132Z] >>> [apiv2][query] GET https://firebase.googleapis.com/v1beta1/projects/midterm-project-chatroom-ss-22/webApps/-/config [none]
[debug] [2022-04-18T15:05:38.037Z] <<< [apiv2][status] GET https://firebase.googleapis.com/v1beta1/projects/midterm-project-chatroom-ss-22/webApps/-/config 200
[debug] [2022-04-18T15:05:38.038Z] <<< [apiv2][body] GET https://firebase.googleapis.com/v1beta1/projects/midterm-project-chatroom-ss-22/webApps/-/config {"projectId":"midterm-project-chatroom-ss-22","appId":"1:826877799598:web:5efb8971f549ec0984d13f","databaseURL":"https://midterm-project-chatroom-ss-22-default-rtdb.firebaseio.com","storageBucket":"midterm-project-chatroom-ss-22.appspot.com","locationId":"us-central","apiKey":"AIzaSyCoOcuKWSasGnVWT8gqqKVHCzdULwx5U3M","authDomain":"midterm-project-chatroom-ss-22.firebaseapp.com","messagingSenderId":"826877799598","measurementId":"G-6K71M0PNQ5"}
[warn] ⚠  hosting: Port 5000 is not available. Trying another port... {"metadata":{"emulator":{"name":"hosting"},"message":"\u001b[33mhosting: \u001b[39mPort 5000 is not available. Trying another port..."}}
[warn] ⚠  hosting: Port 5000 is not available. Trying another port... {"metadata":{"emulator":{"name":"hosting"},"message":"\u001b[33mhosting: \u001b[39mPort 5000 is not available. Trying another port..."}}
[warn] ⚠  hosting: Port 5000 is not available. Trying another port... {"metadata":{"emulator":{"name":"hosting"},"message":"\u001b[33mhosting: \u001b[39mPort 5000 is not available. Trying another port..."}}
[info] i  hosting: Serving hosting files from: public {"metadata":{"emulator":{"name":"hosting"},"message":"Serving hosting files from: \u001b[1mpublic\u001b[22m"}}
[info] ✔  hosting: Local server: http://localhost:5015 {"metadata":{"emulator":{"name":"hosting"},"message":"Local server: \u001b[4m\u001b[1mhttp://localhost:5015\u001b[22m\u001b[24m"}}
[info] i  hosting: ::1 - - [18/Apr/2022:15:05:53 +0000] "GET / HTTP/1.1" 200 1717 "-" "Mozilla/5.0 (Macintosh; Intel Mac OS X 10_15_7) AppleWebKit/537.36 (KHTML, like Gecko) Chrome/100.0.4896.88 Safari/537.36" {"metadata":{"emulator":{"name":"hosting"},"message":"::1 - - [18/Apr/2022:15:05:53 +0000] \"GET / HTTP/1.1\" 200 1717 \"-\" \"Mozilla/5.0 (Macintosh; Intel Mac OS X 10_15_7) AppleWebKit/537.36 (KHTML, like Gecko) Chrome/100.0.4896.88 Safari/537.36\""}}
[info] i  hosting: ::1 - - [18/Apr/2022:15:05:53 +0000] "GET /favicon.ico HTTP/1.1" 404 1808 "http://localhost:5015/" "Mozilla/5.0 (Macintosh; Intel Mac OS X 10_15_7) AppleWebKit/537.36 (KHTML, like Gecko) Chrome/100.0.4896.88 Safari/537.36" {"metadata":{"emulator":{"name":"hosting"},"message":"::1 - - [18/Apr/2022:15:05:53 +0000] \"GET /favicon.ico HTTP/1.1\" 404 1808 \"http://localhost:5015/\" \"Mozilla/5.0 (Macintosh; Intel Mac OS X 10_15_7) AppleWebKit/537.36 (KHTML, like Gecko) Chrome/100.0.4896.88 Safari/537.36\""}}
