[debug] [2018-09-17T21:48:14.723Z] ----------------------------------------------------------------------
[debug] [2018-09-17T21:48:14.726Z] Command:       /Users/user/.nvm/versions/node/v9.5.0/bin/node /Users/user/.nvm/versions/node/v9.5.0/bin/firebase deploy
[debug] [2018-09-17T21:48:14.726Z] CLI Version:   4.2.1
[debug] [2018-09-17T21:48:14.726Z] Platform:      darwin
[debug] [2018-09-17T21:48:14.726Z] Node Version:  v9.5.0
[debug] [2018-09-17T21:48:14.727Z] Time:          Mon Sep 17 2018 23:48:14 GMT+0200 (CEST)
[debug] [2018-09-17T21:48:14.727Z] ----------------------------------------------------------------------
[debug] 
[debug] [2018-09-17T21:48:14.739Z] > command requires scopes: ["email","openid","https://www.googleapis.com/auth/cloudplatformprojects.readonly","https://www.googleapis.com/auth/firebase","https://www.googleapis.com/auth/cloud-platform"]
[debug] [2018-09-17T21:48:14.739Z] > authorizing via signed-in user
[debug] [2018-09-17T21:48:14.741Z] > refreshing access token with scopes: ["email","https://www.googleapis.com/auth/cloud-platform","https://www.googleapis.com/auth/cloudplatformprojects.readonly","https://www.googleapis.com/auth/firebase","openid"]
[debug] [2018-09-17T21:48:14.741Z] >>> HTTP REQUEST POST https://www.googleapis.com/oauth2/v3/token  

[debug] [2018-09-17T21:48:14.883Z] <<< HTTP RESPONSE 200
[debug] [2018-09-17T21:48:14.956Z] >>> HTTP REQUEST GET https://admin.firebase.com/v1/projects/linkme-tool  
 
[debug] [2018-09-17T21:48:15.576Z] <<< HTTP RESPONSE 200
[info] 
[info] === Deploying to 'linkme-tool'...
[info] 
[info] i  deploying database, functions, hosting
[info] i  database: checking rules syntax...
[debug] [2018-09-17T21:48:23.853Z] >>> HTTP REQUEST PUT https://linkme-tool.firebaseio.com/.settings/rules.json?dryRun=true  


[debug] [2018-09-17T21:48:24.443Z] <<< HTTP RESPONSE 200
[info] ✔  database: rules syntax for database linkme-tool is valid
[debug] [2018-09-17T21:48:24.447Z] > [functions] package.json contents: {
  "name": "functions",
  "description": "LinkMe Tool Cloud Functions for Firebase",
  "dependencies": {
    "body-parser": "1.18.2",
    "cookie-parser": "1.4.3",
    "cookie-session": "^2.0.0-beta.3",
    "cors": "2.8.3",
    "ejs": "^2.5.7",
    "express": "4.16.2",
    "express-session": "^1.15.6",
    "firebase-admin": "^5.12.0",
    "firebase-functions": "^2.0.2",
    "google-auth-library": "^1.2.1",
    "googleapis": "^25.0.0",
    "js-base64": "^2.4.3",
    "lodash": "^4.17.5",
    "path-to-regexp": "^2.2.1",
    "paymentwall": "1.2.4",
    "request": "^2.88.0",
    "es6-promise-pool": "^2.4.4",
    "secure-compare": "^3.0.1",
    "nodemailer": "^4.0.1"
  },
  "private": true
}
[info] i  functions: ensuring necessary APIs are enabled...
[debug] [2018-09-17T21:48:24.448Z] >>> HTTP REQUEST GET https://servicemanagement.googleapis.com/v1/services/cloudfunctions.googleapis.com/projectSettings/linkme-tool?view=CONSUMER_VIEW  
 
[debug] [2018-09-17T21:48:24.450Z] >>> HTTP REQUEST GET https://servicemanagement.googleapis.com/v1/services/runtimeconfig.googleapis.com/projectSettings/linkme-tool?view=CONSUMER_VIEW  
 
[debug] [2018-09-17T21:48:25.787Z] <<< HTTP RESPONSE 200
[debug] [2018-09-17T21:48:25.814Z] <<< HTTP RESPONSE 200
[info] ✔  functions: all necessary APIs are enabled
[debug] [2018-09-17T21:48:25.815Z] >>> HTTP REQUEST GET https://cloudresourcemanager.googleapis.com/v1/projects/linkme-tool  
 
[debug] [2018-09-17T21:48:26.629Z] <<< HTTP RESPONSE 200
[debug] [2018-09-17T21:48:26.629Z] >>> HTTP REQUEST GET https://mobilesdk-pa.googleapis.com/v1/projects/435713635208:getServerAppConfig  
 
[debug] [2018-09-17T21:48:26.872Z] <<< HTTP RESPONSE 200
[debug] [2018-09-17T21:48:26.874Z] >>> HTTP REQUEST POST https://firebasehosting.googleapis.com/v1beta1/sites/linkme-tool/versions  

[debug] [2018-09-17T21:48:28.819Z] <<< HTTP RESPONSE 500
[debug] [2018-09-17T21:48:28.819Z] <<< HTTP RESPONSE BODY
[error] 
[error] Error: HTTP Error: 500, Internal error encountered.
[debug] [2018-09-17T21:48:28.822Z] Error Context: {
  "body": {
    "error": {
      "code": 500,
      "message": "Internal error encountered.",
      "status": "INTERNAL"
    }
  },
  "response": {
    "statusCode": 500,
    "body": {
      "error": {
        "code": 500,
        "message": "Internal error encountered.",
        "status": "INTERNAL"
      }
    },
    "headers": {
      "vary": "X-Origin, Referer, Origin,Accept-Encoding",
      "content-type": "application/json; charset=UTF-8",
      "date": "Mon, 17 Sep 2018 21:48:32 GMT",
      "server": "ESF",
      "cache-control": "private",
      "x-xss-protection": "1; mode=block",
      "x-frame-options": "SAMEORIGIN",
      "x-content-type-options": "nosniff",
      "alt-svc": "quic=\":443\"; ma=2592000; v=\"44,43,39,35\"",
      "accept-ranges": "none",
      "connection": "close"
    },
    "request": {
      "uri": {
        "protocol": "https:",
        "slashes": true,
        "auth": null,
        "host": "firebasehosting.googleapis.com",
        "port": 443,
        "hostname": "firebasehosting.googleapis.com",
        "hash": null,
        "search": null,
        "query": null,
        "pathname": "/v1beta1/sites/linkme-tool/versions",
        "path": "/v1beta1/sites/linkme-tool/versions",
        "href": "https://firebasehosting.googleapis.com/v1beta1/sites/linkme-tool/versions"
      },
      "method": "POST"
    }
  }
}

